<?xml version="1.0" encoding="utf-8"?><testsuites><testsuite name="pytest" errors="0" failures="0" skipped="0" tests="1" time="0.159" timestamp="2022-08-25T19:14:55.863847" hostname="DESKTOP-8RMT7F3"><testcase classname="tests.test_report" name="test_report" time="0.004" /></testsuite></testsuites>
