<?xml version="1.0" encoding="utf-8"?><testsuites><testsuite name="pytest" errors="0" failures="0" skipped="0" tests="1" time="0.149" timestamp="2022-08-25T16:56:13.857612" hostname="DESKTOP-8RMT7F3"><testcase classname="tests.test_report" name="test_report" time="0.003" /></testsuite></testsuites>