<?xml version="1.0" encoding="utf-8"?><testsuites><testsuite name="pytest" errors="0" failures="0" skipped="0" tests="3" time="0.244" timestamp="2022-08-25T19:15:15.540922" hostname="DESKTOP-8RMT7F3"><testcase classname="tests.test_logging" name="test_setup_logging_info" time="0.006" /><testcase classname="tests.test_logging" name="test_setup_logging_error" time="0.044" /><testcase classname="tests.test_time" name="test_current_milli_time" time="0.002" /></testsuite></testsuites>
