<?xml version="1.0" encoding="utf-8"?><testsuites><testsuite name="pytest" errors="0" failures="0" skipped="0" tests="3" time="0.816" timestamp="2022-08-25T23:35:42.826738" hostname="DESKTOP-8RMT7F3"><testcase classname="tests.test_logging" name="test_setup_logging_info" time="0.015" /><testcase classname="tests.test_logging" name="test_setup_logging_error" time="0.145" /><testcase classname="tests.test_time" name="test_current_milli_time" time="0.008" /></testsuite></testsuites>
